c:\users\tomli\documents\csuy3113\p6\sdlproject\debug\vc142.pdb
c:\users\tomli\documents\csuy3113\p6\sdlproject\debug\vc142.idb
c:\users\tomli\documents\csuy3113\p6\sdlproject\debug\sound.obj
c:\users\tomli\documents\csuy3113\p6\sdlproject\debug\shaderprogram.obj
c:\users\tomli\documents\csuy3113\p6\sdlproject\debug\scene.obj
c:\users\tomli\documents\csuy3113\p6\sdlproject\debug\remilia.obj
c:\users\tomli\documents\csuy3113\p6\sdlproject\debug\playerhb.obj
c:\users\tomli\documents\csuy3113\p6\sdlproject\debug\playerbul.obj
c:\users\tomli\documents\csuy3113\p6\sdlproject\debug\player.obj
c:\users\tomli\documents\csuy3113\p6\sdlproject\debug\playerbulpool.obj
c:\users\tomli\documents\csuy3113\p6\sdlproject\debug\menu.obj
c:\users\tomli\documents\csuy3113\p6\sdlproject\debug\main.obj
c:\users\tomli\documents\csuy3113\p6\sdlproject\debug\level1.obj
c:\users\tomli\documents\csuy3113\p6\sdlproject\debug\gamewon.obj
c:\users\tomli\documents\csuy3113\p6\sdlproject\debug\gamelost.obj
c:\users\tomli\documents\csuy3113\p6\sdlproject\debug\fairypool.obj
c:\users\tomli\documents\csuy3113\p6\sdlproject\debug\fairy.obj
c:\users\tomli\documents\csuy3113\p6\sdlproject\debug\entity.obj
c:\users\tomli\documents\csuy3113\p6\sdlproject\debug\enemybulpool.obj
c:\users\tomli\documents\csuy3113\p6\sdlproject\debug\enemybul.obj
c:\users\tomli\documents\csuy3113\p6\sdlproject\debug\background.obj
c:\users\tomli\documents\csuy3113\p6\sdlproject\debug\util.obj
c:\users\tomli\documents\csuy3113\p6\sdlproject\debug\sdlproject.exe
c:\users\tomli\documents\csuy3113\p6\sdlproject\debug\sdlproject.ilk
c:\users\tomli\documents\csuy3113\p6\sdlproject\debug\sdlproject.pdb
c:\users\tomli\documents\csuy3113\p6\sdlproject\debug\sdlproject.tlog\cl.command.1.tlog
c:\users\tomli\documents\csuy3113\p6\sdlproject\debug\sdlproject.tlog\cl.read.1.tlog
c:\users\tomli\documents\csuy3113\p6\sdlproject\debug\sdlproject.tlog\cl.write.1.tlog
c:\users\tomli\documents\csuy3113\p6\sdlproject\debug\sdlproject.tlog\link.command.1.tlog
c:\users\tomli\documents\csuy3113\p6\sdlproject\debug\sdlproject.tlog\link.read.1.tlog
c:\users\tomli\documents\csuy3113\p6\sdlproject\debug\sdlproject.tlog\link.write.1.tlog
