c:\users\tomli\documents\csuy3113\p3\sdlproject\debug\vc142.pdb
c:\users\tomli\documents\csuy3113\p3\sdlproject\debug\vc142.idb
c:\users\tomli\documents\csuy3113\p3\sdlproject\debug\shaderprogram.obj
c:\users\tomli\documents\csuy3113\p3\sdlproject\debug\main.obj
c:\users\tomli\documents\csuy3113\p3\sdlproject\debug\entity.obj
c:\users\tomli\documents\csuy3113\p4\sdlproject\debug\vc142.pdb
c:\users\tomli\documents\csuy3113\p4\sdlproject\debug\vc142.idb
c:\users\tomli\documents\csuy3113\p4\sdlproject\debug\entity.obj
c:\users\tomli\documents\csuy3113\p4\sdlproject\debug\shaderprogram.obj
c:\users\tomli\documents\csuy3113\p4\sdlproject\debug\main.obj
c:\users\tomli\documents\csuy3113\p5\sdlproject\debug\vc142.pdb
c:\users\tomli\documents\csuy3113\p5\sdlproject\debug\vc142.idb
c:\users\tomli\documents\csuy3113\p5\sdlproject\debug\entity.obj
c:\users\tomli\documents\csuy3113\p5\sdlproject\debug\shaderprogram.obj
c:\users\tomli\documents\csuy3113\p5\sdlproject\debug\main.obj
c:\users\tomli\documents\csuy3113\p5\sdlproject\debug\map.obj
c:\users\tomli\documents\csuy3113\p5\sdlproject\debug\util.obj
c:\users\tomli\documents\csuy3113\p5\sdlproject\debug\scene.obj
c:\users\tomli\documents\csuy3113\p5\sdlproject\debug\level1.obj
c:\users\tomli\documents\csuy3113\p5\sdlproject\debug\level2.obj
c:\users\tomli\documents\csuy3113\p5\sdlproject\debug\level3.obj
c:\users\tomli\documents\csuy3113\p5\sdlproject\debug\menuscreen.obj
c:\users\tomli\documents\csuy3113\p5\sdlproject\debug\gamewin.obj
c:\users\tomli\documents\csuy3113\p5\sdlproject\debug\gamelose.obj
c:\users\tomli\documents\csuy3113\p5\sdlproject\debug\sound.obj
c:\users\tomli\documents\csuy3113\p3\sdlproject\debug\sdlproject.exe
c:\users\tomli\documents\csuy3113\p3\sdlproject\debug\sdlproject.ilk
c:\users\tomli\documents\csuy3113\p3\sdlproject\debug\sdlproject.pdb
c:\users\tomli\documents\csuy3113\p4\sdlproject\debug\sdlproject.exe
c:\users\tomli\documents\csuy3113\p4\sdlproject\debug\sdlproject.ilk
c:\users\tomli\documents\csuy3113\p4\sdlproject\debug\sdlproject.pdb
c:\users\tomli\documents\csuy3113\p5\sdlproject\debug\sdlproject.exe
c:\users\tomli\documents\csuy3113\p5\sdlproject\debug\sdlproject.ilk
c:\users\tomli\documents\csuy3113\p5\sdlproject\debug\sdlproject.pdb
c:\users\tomli\documents\csuy3113\p5\sdlproject\debug\level1.obj.enc
c:\users\tomli\documents\csuy3113\p5\sdlproject\debug\main.new.obj.enc
c:\users\tomli\documents\csuy3113\p5\sdlproject\debug\map.obj.enc
c:\users\tomli\documents\csuy3113\p5\sdlproject\debug\sdlproject.tlog\cl.command.1.tlog
c:\users\tomli\documents\csuy3113\p5\sdlproject\debug\sdlproject.tlog\cl.read.1.tlog
c:\users\tomli\documents\csuy3113\p5\sdlproject\debug\sdlproject.tlog\cl.write.1.tlog
c:\users\tomli\documents\csuy3113\p5\sdlproject\debug\sdlproject.tlog\link.command.1.tlog
c:\users\tomli\documents\csuy3113\p5\sdlproject\debug\sdlproject.tlog\link.read.1.tlog
c:\users\tomli\documents\csuy3113\p5\sdlproject\debug\sdlproject.tlog\link.write.1.tlog
